[21:25:38] [main/INFO] (FabricLoader/GameProvider) Loading Minecraft 1.19 with Fabric Loader 0.14.8
[21:25:38] [main/INFO] (FabricLoader) Loading 42 mods:
	- architectury 5.6.22
	- beyond_earth 1.0.0
	- cloth-basic-math 0.6.1
	- cloth-config 7.0.72
	- fabric 0.56.3+1.19
	- fabric-api-base 0.4.9+e62f51a3a9
	- fabric-api-lookup-api-v1 1.6.7+9ff28f40a9
	- fabric-biome-api-v1 9.0.14+b2a4a624a9
	- fabric-command-api-v2 2.1.2+0d55f585a9
	- fabric-content-registries-v0 3.1.1+82552130a9
	- fabric-convention-tags-v1 1.0.8+37622d24a9
	- fabric-crash-report-info-v1 0.2.3+bd0a0d4aa9
	- fabric-data-generation-api-v1 5.1.1+a680b9b4a9
	- fabric-dimensions-v1 2.1.27+72da3b3da9
	- fabric-entity-events-v1 1.4.16+9ff28f40a9
	- fabric-events-interaction-v0 0.4.26+9ff28f40a9
	- fabric-game-rule-api-v1 1.0.19+18990361a9
	- fabric-gametest-api-v1 1.0.31+e62f51a3a9
	- fabric-item-api-v1 1.5.4+767db26ea9
	- fabric-item-groups-v0 0.3.24+9ff28f40a9
	- fabric-lifecycle-events-v1 2.1.0+33fbc738a9
	- fabric-loot-api-v2 1.0.2+9e7660c6a9
	- fabric-message-api-v1 1.0.1+513f4a59a9
	- fabric-mining-level-api-v1 2.1.9+33fbc738a9
	- fabric-networking-api-v1 1.0.27+7fe97409a9
	- fabric-object-builder-api-v1 4.0.6+9ff28f40a9
	- fabric-particles-v1 1.0.8+dc39553aa9
	- fabric-registry-sync-v0 0.9.17+23c4cfefa9
	- fabric-rendering-data-attachment-v1 0.3.12+9ff28f40a9
	- fabric-rendering-fluids-v1 3.0.5+9ff28f40a9
	- fabric-resource-conditions-api-v1 2.0.9+e62f51a3a9
	- fabric-resource-loader-v0 0.5.4+db8596f1a9
	- fabric-screen-handler-api-v1 1.2.6+9ff28f40a9
	- fabric-transfer-api-v1 2.0.9+e62f51a3a9
	- fabric-transitive-access-wideners-v1 1.1.1+9e7660c6a9
	- fabricloader 0.14.8
	- fiber 0.23.0-2
	- java 17
	- minecraft 1.19
	- patchouli 1.19-73-FABRIC
	- roughlyenoughitems 9.0.493
	- team_reborn_energy 2.2.0
[21:25:39] [main/INFO] (FabricLoader/Mixin) SpongePowered MIXIN Subsystem Version=0.8.5 Source=file:/Users/alexnijjar/.gradle/caches/modules-2/files-2.1/net.fabricmc/sponge-mixin/0.11.4+mixin.0.8.5/c1dc27696aa4006e492c2485c9ccbcb26045a971/sponge-mixin-0.11.4+mixin.0.8.5.jar Service=Knot/Fabric Env=SERVER
[21:25:39] [main/INFO] (FabricLoader/Mixin) Loaded Fabric development mappings for mixin remapper!
[21:25:39] [main/INFO] (FabricLoader/Mixin) Compatibility level set to JAVA_16
[21:25:39] [main/INFO] (FabricLoader/Mixin) Compatibility level set to JAVA_17
[21:25:40] [main/WARN] (FileUtil) Configuration conflict: there is more than one oshi.properties file on the classpath
[21:25:40] [main/WARN] (FileUtil) Configuration conflict: there is more than one oshi.architecture.properties file on the classpath
[21:25:44] [main/INFO] (Minecraft) Building unoptimized datafixer
[21:25:46] [main/INFO] (beyond_earth) Beyond Earth Initialized! 🚀
[21:25:46] [main/INFO] (REI) [REI] Registered plugin provider DefaultPlugin [roughlyenoughitems] for REIPlugin
[21:25:46] [main/INFO] (REI) [REI] Registered plugin provider DefaultRuntimePlugin [roughlyenoughitems] for REIPlugin
[21:25:46] [main/INFO] (REI) [REI] Registered plugin provider DefaultPlugin [roughlyenoughitems] for REIServerPlugin
[21:25:46] [main/INFO] (REI) [REI] Registered plugin provider DefaultRuntimePlugin [roughlyenoughitems] for REIServerPlugin
[21:25:46] [main/INFO] (REI) [REI] Registered plugin provider FabricFluidAPISupportPlugin for REIServerPlugin
[21:25:46] [main/INFO] (REI) [REI] Registered plugin provider FabricFluidAPISupportPlugin for REIPlugin
[21:25:47] [main/INFO] (FabricDataGenHelper) Running data generator for beyond_earth
[21:25:47] [main/INFO] (beyond_earth) Beyond Earth Datagen started...
[21:25:47] [main/INFO] (beyond_earth) Beyond Earth Datagen finished 🚀
[21:25:47] [main/INFO] (Minecraft) Starting provider: Models
[21:25:47] [main/INFO] (Minecraft) Models finished after 129 ms
[21:25:47] [main/INFO] (Minecraft) Starting provider: Block Loot Tables
[21:25:47] [main/INFO] (Minecraft) Block Loot Tables finished after 64 ms
[21:25:47] [main/INFO] (Minecraft) Starting provider: Recipes
[21:25:47] [main/INFO] (Minecraft) Recipes finished after 64 ms
[21:25:47] [main/INFO] (Minecraft) All providers took: 260 ms
[21:25:47] [main/INFO] (Minecraft) Caching: total files: 1002, old count: 1001, new count: 1002, removed stale: 1, written: 0
